Release 14.2 Xflow P.28xd (nt64)
Copyright (c) 1995-2012 Xilinx, Inc.  All rights reserved.
xflow.exe -wd implementation -p xc3s1000ft256-4 -implement xflow.opt system.ngc 
 
PMSPEC -- Overriding Xilinx file
<d:/Xilinx/14.2/ISE_DS/EDK/spartan3/data/spartan3.acd> with local file
<d:/Xilinx/14.2/ISE_DS/ISE/spartan3/data/spartan3.acd>
.... Copying flowfile d:/Xilinx/14.2/ISE_DS/ISE/xilinx/data/fpga.flw into
working directory C:/FPGA_leet/implementation 

Using Flow File: C:/FPGA_leet/implementation/fpga.flw 
Using Option File(s): 
 C:/FPGA_leet/implementation/xflow.opt 

Creating Script File ... 

#----------------------------------------------#
# Starting program ngdbuild
# ngdbuild -p xc3s1000ft256-4 -nt timestamp -bm system.bmm
"C:/FPGA_leet/implementation/system.ngc" -uc system.ucf system.ngd 
#----------------------------------------------#
Release 14.2 - ngdbuild P.28xd (nt64)
Copyright (c) 1995-2012 Xilinx, Inc.  All rights reserved.
PMSPEC -- Overriding Xilinx file
<d:/Xilinx/14.2/ISE_DS/EDK/spartan3/data/spartan3.acd> with local file
<d:/Xilinx/14.2/ISE_DS/ISE/spartan3/data/spartan3.acd>

Command Line: d:\Xilinx\14.2\ISE_DS\ISE\bin\nt64\unwrapped\ngdbuild.exe -p
xc3s1000ft256-4 -nt timestamp -bm system.bmm
C:/FPGA_leet/implementation/system.ngc -uc system.ucf system.ngd

Reading NGO file "C:/FPGA_leet/implementation/system.ngc" ...
Loading design module
"C:/FPGA_leet/implementation/system_microblaze_0_wrapper.ngc"...
Loading design module "C:/FPGA_leet/implementation/system_mb_plb_wrapper.ngc"...
Loading design module "C:/FPGA_leet/implementation/system_ilmb_wrapper.ngc"...
Loading design module "C:/FPGA_leet/implementation/system_dlmb_wrapper.ngc"...
Loading design module
"C:/FPGA_leet/implementation/system_dlmb_cntlr_wrapper.ngc"...
Loading design module
"C:/FPGA_leet/implementation/system_ilmb_cntlr_wrapper.ngc"...
Loading design module
"C:/FPGA_leet/implementation/system_lmb_bram_wrapper.ngc"...
Loading design module "C:/FPGA_leet/implementation/system_sclk_wrapper.ngc"...
Loading design module "C:/FPGA_leet/implementation/system_mdm_0_wrapper.ngc"...
Loading design module
"C:/FPGA_leet/implementation/system_proc_sys_reset_0_wrapper.ngc"...
Loading design module
"C:/FPGA_leet/implementation/system_xps_gpio_0_wrapper.ngc"...
Loading design module
"C:/FPGA_leet/implementation/system_running_leds_wrapper.ngc"...
Loading design module
"C:/FPGA_leet/implementation/system_vga_interface_0_wrapper.ngc"...
Loading design module
"C:/FPGA_leet/implementation/system_camera_interface_0_wrapper.ngc"...
Loading design module
"C:/FPGA_leet/implementation/system_camera2mb_wrapper.ngc"...
Loading design module "C:/FPGA_leet/implementation/system_mb2vga_wrapper.ngc"...
Gathering constraint information from source properties...
Done.

Annotating constraints to design from ucf file "system.ucf" ...
Resolving constraint associations...
Checking Constraint Associations...
INFO:ConstraintSystem:178 - TNM 'sys_clk_pin', used in period specification
   'TS_sys_clk_pin', was traced into DCM instance
   sclk/DCM0_INST/Using_Virtex.DCM_INST. The following new TNM groups and period
   specifications were generated at the DCM output(s): 
   CLK0: <TIMESPEC TS_sclk_sclk_SIG_DCM0_CLK0 = PERIOD "sclk_sclk_SIG_DCM0_CLK0"
   TS_sys_clk_pin HIGH 50%>

Done...

Processing BMM file "system.bmm" ...

Checking expanded design ...

Partition Implementation Status
-------------------------------

  No Partitions were found in this design.

-------------------------------

NGDBUILD Design Results Summary:
  Number of errors:     0
  Number of warnings:   0

Writing NGD file "system.ngd" ...
Total REAL time to NGDBUILD completion:  15 sec
Total CPU time to NGDBUILD completion:   15 sec

Writing NGDBUILD log file "system.bld"...

NGDBUILD done.



#----------------------------------------------#
# Starting program map
# map -o system_map.ncd -pr b -ol high -timing -detail system.ngd system.pcf 
#----------------------------------------------#
Release 14.2 - Map P.28xd (nt64)
Copyright (c) 1995-2012 Xilinx, Inc.  All rights reserved.
PMSPEC -- Overriding Xilinx file
<d:/Xilinx/14.2/ISE_DS/EDK/data/Xdh_PrimTypeLib.xda> with local file
<d:/Xilinx/14.2/ISE_DS/ISE/data/Xdh_PrimTypeLib.xda>
Using target part "3s1000ft256-4".
vvvvvvvvvvvvvvvvvvvvvvvvvvvvvvvvvvvvvvvvvvvvvvvvvvvvvvvvvvvvvvvvvvvvvv
INFO:Security:50 - The XILINXD_LICENSE_FILE environment variable is set to
'2100@delta.tecnico.ulisboa.pt'.
INFO:Security:53 - The LM_LICENSE_FILE environment variable is not set.
INFO:Security:54 - 'xc3s1000' is a WebPack part.
WARNING:Security:43 - No license file was found in the standard Xilinx license
directory.
WARNING:Security:44 - Since no license file was found,
       please run the Xilinx License Configuration Manager
       (xlcm or "Manage Xilinx Licenses")
       to assist in obtaining a license.
WARNING:Security:42 - Your software subscription period has lapsed. Your current
version of Xilinx tools will continue to function, but you no longer qualify for
Xilinx software updates or new releases.
----------------------------------------------------------------------
Mapping design into LUTs...
WARNING:LIT:176 - Clock buffer is designated to drive clock loads. BUFGMUX
   symbol
   "physical_group_camera_interface_0_c12_pin_BUFGP/camera_interface_0_c12_pin_B
   UFGP/BUFG" (output signal=camera_interface_0_c12_pin_BUFGP) has a mix of
   clock and non-clock loads. The non-clock loads are:
   Pin D of camera_interface_0/camera_interface_0/U3/U3/PXL_CLK2
Writing file system_map.ngm...
Running directed packing...
Running delay-based LUT packing...
Updating timing models...
Running timing-driven placement...
Total REAL time at the beginning of Placer: 8 secs 
Total CPU  time at the beginning of Placer: 8 secs 

Phase 1.1  Initial Placement Analysis
Phase 1.1  Initial Placement Analysis (Checksum:4d239a92) REAL time: 10 secs 

Phase 2.7  Design Feasibility Check
INFO:Place:834 - Only a subset of IOs are locked. Out of 51 IOs, 37 are locked
   and 14 are not locked. If you would like to print the names of these IOs,
   please set the environment variable XIL_PAR_DESIGN_CHECK_VERBOSE to 1. 
Phase 2.7  Design Feasibility Check (Checksum:4d239a92) REAL time: 10 secs 

Phase 3.31  Local Placement Optimization
Phase 3.31  Local Placement Optimization (Checksum:6b256b1a) REAL time: 10 secs 

Phase 4.2  Initial Clock and IO Placement
...
Phase 4.2  Initial Clock and IO Placement (Checksum:e872dc37) REAL time: 11 secs 

Phase 5.36  Local Placement Optimization
Phase 5.36  Local Placement Optimization (Checksum:e872dc37) REAL time: 11 secs 

Phase 6.3  Local Placement Optimization
...
Phase 6.3  Local Placement Optimization (Checksum:567bb221) REAL time: 11 secs 

Phase 7.5  Local Placement Optimization
Phase 7.5  Local Placement Optimization (Checksum:567bb221) REAL time: 11 secs 

Phase 8.4  Local Placement Optimization
........................
..................................................................
Phase 8.4  Local Placement Optimization (Checksum:567bb221) REAL time: 17 secs 

Phase 9.28  Local Placement Optimization
Phase 9.28  Local Placement Optimization (Checksum:567bb221) REAL time: 18 secs 

Phase 10.8  Global Placement
.....................
...........................................................
.............
.................
Phase 10.8  Global Placement (Checksum:56400fbb) REAL time: 24 secs 

Phase 11.29  Local Placement Optimization
Phase 11.29  Local Placement Optimization (Checksum:56400fbb) REAL time: 24 secs 

Phase 12.5  Local Placement Optimization
Phase 12.5  Local Placement Optimization (Checksum:56400fbb) REAL time: 24 secs 

Phase 13.18  Placement Optimization
Phase 13.18  Placement Optimization (Checksum:6d18f7ac) REAL time: 34 secs 

Phase 14.5  Local Placement Optimization
Phase 14.5  Local Placement Optimization (Checksum:6d18f7ac) REAL time: 34 secs 

Total REAL time to Placer completion: 35 secs 
Total CPU  time to Placer completion: 34 secs 
Running post-placement packing...

Design Summary:
Number of errors:      0
Number of warnings:   22
Logic Utilization:
  Number of Slice Flip Flops:         1,561 out of  15,360   10%
  Number of 4 input LUTs:             8,526 out of  15,360   55%
Logic Distribution:
  Number of occupied Slices:          4,642 out of   7,680   60%
    Number of Slices containing only related logic:   4,642 out of   4,642 100%
    Number of Slices containing unrelated logic:          0 out of   4,642   0%
      *See NOTES below for an explanation of the effects of unrelated logic.
  Total Number of 4 input LUTs:       8,646 out of  15,360   56%
    Number used as logic:             3,987
    Number used as a route-thru:        120
    Number used for Dual Port RAMs:   4,352
      (Two LUTs used per Dual Port RAM)
    Number used as Shift registers:     187

  The Slice Logic Distribution report is not meaningful if the design is
  over-mapped for a non-slice resource or if Placement fails.

  Number of bonded IOBs:                 51 out of     173   29%
    IOB Flip Flops:                      20
  Number of RAMB16s:                     23 out of      24   95%
  Number of MULT18X18s:                   5 out of      24   20%
  Number of BUFGMUXs:                     5 out of       8   62%
  Number of DCMs:                         1 out of       4   25%
  Number of BSCANs:                       1 out of       1  100%

Average Fanout of Non-Clock Nets:                5.29

Peak Memory Usage:  485 MB
Total REAL time to MAP completion:  37 secs 
Total CPU time to MAP completion:   37 secs 

Mapping completed.
See MAP report file "system_map.mrp" for details.



#----------------------------------------------#
# Starting program par
# par -w -ol high system_map.ncd system.ncd system.pcf 
#----------------------------------------------#
Release 14.2 - par P.28xd (nt64)
Copyright (c) 1995-2012 Xilinx, Inc.  All rights reserved.
PMSPEC -- Overriding Xilinx file <d:/Xilinx/14.2/ISE_DS/EDK/data/parBmgr.acd> with local file
<d:/Xilinx/14.2/ISE_DS/ISE/data/parBmgr.acd>



Constraints file: system.pcf.
Loading device for application Rf_Device from file '3s1000.nph' in environment
d:\Xilinx\14.2\ISE_DS\ISE\;d:\Xilinx\14.2\ISE_DS\EDK.
   "system" is an NCD, version 3.2, device xc3s1000, package ft256, speed -4
vvvvvvvvvvvvvvvvvvvvvvvvvvvvvvvvvvvvvvvvvvvvvvvvvvvvvvvvvvvvvvvvvvvvvv
INFO:Security:50 - The XILINXD_LICENSE_FILE environment variable is set to '2100@delta.tecnico.ulisboa.pt'.
INFO:Security:53 - The LM_LICENSE_FILE environment variable is not set.
INFO:Security:54 - 'xc3s1000' is a WebPack part.
WARNING:Security:43 - No license file was found in the standard Xilinx license directory.
WARNING:Security:44 - Since no license file was found,
       please run the Xilinx License Configuration Manager
       (xlcm or "Manage Xilinx Licenses")
       to assist in obtaining a license.
WARNING:Security:42 - Your software subscription period has lapsed. Your current version of Xilinx tools will continue
to function, but you no longer qualify for Xilinx software updates or new releases.

----------------------------------------------------------------------

Initializing temperature to 85.000 Celsius. (default - Range: 0.000 to 85.000 Celsius)
Initializing voltage to 1.140 Volts. (default - Range: 1.140 to 1.260 Volts)


Device speed data version:  "PRODUCTION 1.39 2012-07-09".



Device Utilization Summary:

   Number of BSCANs                          1 out of 1     100%
   Number of BUFGMUXs                        5 out of 8      62%
   Number of DCMs                            1 out of 4      25%
   Number of External IOBs                  51 out of 173    29%
      Number of LOCed IOBs                  37 out of 51     72%

   Number of MULT18X18s                      5 out of 24     20%
   Number of RAMB16s                        23 out of 24     95%
   Number of Slices                       4642 out of 7680   60%
      Number of SLICEMs                   2559 out of 3840   66%



Overall effort level (-ol):   High 
Router effort level (-rl):    High 

Starting initial Timing Analysis.  REAL time: 5 secs 
Finished initial Timing Analysis.  REAL time: 5 secs 

WARNING:Par:288 - The signal dlmb_LMB_ABus<30> has no load.  PAR will not attempt to route this signal.
WARNING:Par:288 - The signal dlmb_LMB_ABus<31> has no load.  PAR will not attempt to route this signal.
Starting Router


Phase  1  : 43597 unrouted;      REAL time: 5 secs 

Phase  2  : 39694 unrouted;      REAL time: 9 secs 

Phase  3  : 11537 unrouted;      REAL time: 14 secs 

Phase  4  : 11537 unrouted; (Setup:0, Hold:0, Component Switching Limit:0)     REAL time: 15 secs 

Phase  5  : 0 unrouted; (Setup:0, Hold:0, Component Switching Limit:0)     REAL time: 28 secs 

Updating file: system.ncd with current fully routed design.

Phase  6  : 0 unrouted; (Setup:0, Hold:0, Component Switching Limit:0)     REAL time: 30 secs 

Phase  7  : 0 unrouted; (Setup:0, Hold:0, Component Switching Limit:0)     REAL time: 31 secs 

Phase  8  : 0 unrouted; (Setup:0, Hold:0, Component Switching Limit:0)     REAL time: 32 secs 
WARNING:Route:455 - CLK Net:fpga_0_clk_1_sys_clk_pin_IBUFG may have excessive skew because 
      4 CLK pins and 0 NON_CLK pins failed to route using a CLK template.
WARNING:Route:455 - CLK Net:camera_interface_0_c12_pin_BUFGP may have excessive skew because 
      0 CLK pins and 1 NON_CLK pins failed to route using a CLK template.

Total REAL time to Router completion: 32 secs 
Total CPU time to Router completion: 32 secs 

Partition Implementation Status
-------------------------------

  No Partitions were found in this design.

-------------------------------

Generating "PAR" statistics.

**************************
Generating Clock Report
**************************

+---------------------+--------------+------+------+------------+-------------+
|        Clock Net    |   Resource   |Locked|Fanout|Net Skew(ns)|Max Delay(ns)|
+---------------------+--------------+------+------+------------+-------------+
|      clk_50_0000MHz |      BUFGMUX3| No   | 3128 |  0.532     |  1.237      |
+---------------------+--------------+------+------+------------+-------------+
|camera_interface_0/c |              |      |      |            |             |
|amera_interface_0/U2 |              |      |      |            |             |
|               /sclk |      BUFGMUX4| No   |   68 |  0.293     |  1.021      |
+---------------------+--------------+------+------+------------+-------------+
|     mdm_0/Dbg_Clk_1 |      BUFGMUX7| No   |  149 |  0.354     |  1.061      |
+---------------------+--------------+------+------+------------+-------------+
|VGA_interface_0/VGA_ |              |      |      |            |             |
| interface_0/U1/clk2 |      BUFGMUX0| No   |   25 |  0.331     |  1.093      |
+---------------------+--------------+------+------+------------+-------------+
|camera_interface_0_c |              |      |      |            |             |
|        12_pin_BUFGP |      BUFGMUX5| No   |   41 |  0.274     |  1.111      |
+---------------------+--------------+------+------+------------+-------------+
|fpga_0_clk_1_sys_clk |              |      |      |            |             |
|          _pin_IBUFG |         Local|      |    5 |  1.416     |  2.134      |
+---------------------+--------------+------+------+------------+-------------+
|  mdm_0/Dbg_Update_1 |         Local|      |   32 |  1.235     |  4.283      |
+---------------------+--------------+------+------+------------+-------------+

* Net Skew is the difference between the minimum and maximum routing
only delays for the net. Note this is different from Clock Skew which
is reported in TRCE timing report. Clock Skew is the difference between
the minimum and maximum path delays which includes logic delays.

* The fanout is the number of component pins not the individual BEL loads,
for example SLICE loads not FF loads.

Timing Score: 0 (Setup: 0, Hold: 0, Component Switching Limit: 0)

Asterisk (*) preceding a constraint indicates it was not met.
   This may be due to a setup or hold violation.

----------------------------------------------------------------------------------------------------------
  Constraint                                |    Check    | Worst Case |  Best Case | Timing |   Timing   
                                            |             |    Slack   | Achievable | Errors |    Score   
----------------------------------------------------------------------------------------------------------
  TS_sclk_sclk_SIG_DCM0_CLK0 = PERIOD TIMEG | SETUP       |     0.407ns|    19.593ns|       0|           0
  RP "sclk_sclk_SIG_DCM0_CLK0"         TS_s | HOLD        |     0.634ns|            |       0|           0
  ys_clk_pin HIGH 50%                       |             |            |            |        |            
----------------------------------------------------------------------------------------------------------
  TS_camera_interface_0_c12_pin = PERIOD TI | SETUP       |     4.199ns|    15.801ns|       0|           0
  MEGRP "camera_interface_0_c12_pin" 20     | HOLD        |     0.835ns|            |       0|           0
       ns HIGH 50%                          |             |            |            |        |            
----------------------------------------------------------------------------------------------------------
  TS_sys_clk_pin = PERIOD TIMEGRP "sys_clk_ | SETUP       |    17.358ns|     2.642ns|       0|           0
  pin" 20 ns HIGH 50%                       | HOLD        |     0.667ns|            |       0|           0
                                            | MINLOWPULSE |    14.000ns|     6.000ns|       0|           0
----------------------------------------------------------------------------------------------------------


Derived Constraint Report
Review Timing Report for more details on the following derived constraints.
To create a Timing Report, run "trce -v 12 -fastpaths -o design_timing_report design.ncd design.pcf"
or "Run Timing Analysis" from Timing Analyzer (timingan).
Derived Constraints for TS_sys_clk_pin
+-------------------------------+-------------+-------------+-------------+-------------+-------------+-------------+-------------+
|                               |   Period    |       Actual Period       |      Timing Errors        |      Paths Analyzed       |
|           Constraint          | Requirement |-------------+-------------|-------------+-------------|-------------+-------------|
|                               |             |   Direct    | Derivative  |   Direct    | Derivative  |   Direct    | Derivative  |
+-------------------------------+-------------+-------------+-------------+-------------+-------------+-------------+-------------+
|TS_sys_clk_pin                 |     20.000ns|      6.000ns|     19.593ns|            0|            0|            3|       260594|
| TS_sclk_sclk_SIG_DCM0_CLK0    |     20.000ns|     19.593ns|          N/A|            0|            0|       260594|            0|
+-------------------------------+-------------+-------------+-------------+-------------+-------------+-------------+-------------+

All constraints were met.


Generating Pad Report.

All signals are completely routed.

WARNING:Par:283 - There are 2 loadless signals in this design. This design will cause Bitgen to issue DRC warnings.

Total REAL time to PAR completion: 34 secs 
Total CPU time to PAR completion: 33 secs 

Peak Memory Usage:  435 MB

Placer: Placement generated during map.
Routing: Completed - No errors found.
Timing: Completed - No errors found.

Number of error messages: 0
Number of warning messages: 6
Number of info messages: 0

Writing design to file system.ncd



PAR done!



#----------------------------------------------#
# Starting program post_par_trce
# trce -e 3 -xml system.twx system.ncd system.pcf 
#----------------------------------------------#
Release 14.2 - Trace  (nt64)
Copyright (c) 1995-2012 Xilinx, Inc.  All rights reserved.


PMSPEC -- Overriding Xilinx file
<d:/Xilinx/14.2/ISE_DS/EDK/spartan3/data/spartan3.acd> with local file
<d:/Xilinx/14.2/ISE_DS/ISE/spartan3/data/spartan3.acd>
Loading device for application Rf_Device from file '3s1000.nph' in environment
d:\Xilinx\14.2\ISE_DS\ISE\;d:\Xilinx\14.2\ISE_DS\EDK.
   "system" is an NCD, version 3.2, device xc3s1000, package ft256, speed -4
--------------------------------------------------------------------------------
Release 14.2 Trace  (nt64)
Copyright (c) 1995-2012 Xilinx, Inc.  All rights reserved.

d:\Xilinx\14.2\ISE_DS\ISE\bin\nt64\unwrapped\trce.exe -e 3 -xml system.twx
system.ncd system.pcf


Design file:              system.ncd
Physical constraint file: system.pcf
Device,speed:             xc3s1000,-4 (PRODUCTION 1.39 2012-07-09)
Report level:             error report
--------------------------------------------------------------------------------

INFO:Timing:3412 - To improve timing, see the Timing Closure User Guide (UG612).
INFO:Timing:2752 - To get complete path coverage, use the unconstrained paths
   option. All paths that are not constrained will be reported in the
   unconstrained paths section(s) of the report.
INFO:Timing:3339 - The clock-to-out numbers in this timing report are based on a
   50 Ohm transmission line loading model.  For the details of this model, and
   for more information on accounting for different loading conditions, please
   see the device datasheet.
INFO:Timing:3390 - This architecture does not support a default System Jitter
   value, please add SYSTEM_JITTER constraint to the UCF to modify the Clock
   Uncertainty calculation.
INFO:Timing:3389 - This architecture does not support 'Discrete Jitter' and
   'Phase Error' calculations, these terms will be zero in the Clock Uncertainty
   calculation.  Please make appropriate modification to SYSTEM_JITTER to
   account for the unsupported Discrete Jitter and Phase Error.


Timing summary:
---------------

Timing errors: 0  Score: 0 (Setup/Max: 0, Hold: 0)

Constraints cover 295718 paths, 0 nets, and 31389 connections

Design statistics:
   Minimum period:  19.593ns (Maximum frequency:  51.039MHz)


Analysis completed Wed Dec 17 12:25:58 2014
--------------------------------------------------------------------------------

Generating Report ...

Number of warnings: 0
Number of info messages: 5
Total time: 6 secs 


