Generated Block Diagram.
Rasterizing microblaze_0.jpg.....
Rasterizing mb_plb.jpg.....
Rasterizing ilmb.jpg.....
Rasterizing dlmb.jpg.....
Rasterizing dlmb_cntlr.jpg.....
Rasterizing ilmb_cntlr.jpg.....
Rasterizing lmb_bram.jpg.....
Rasterizing sclk.jpg.....
Rasterizing mdm_0.jpg.....
Rasterizing proc_sys_reset_0.jpg.....
Rasterizing xps_gpio_0.jpg.....
Rasterizing running_leds.jpg.....
Rasterizing VGA_interface_0.jpg.....
Rasterizing camera_interface_0.jpg.....
Rasterizing camera2mb.jpg.....
Rasterizing mb2vga.jpg.....
Rasterizing system_blkd.jpg.....
Report generated.
Report generation completed.
